<?xml version="1.0" encoding="UTF-8"?>
<testsuite name="org.autotest.StackTests3" tests="1" skipped="0" failures="0" errors="0" timestamp="2025-03-24T21:21:17" hostname="lucy" time="0.248">
  <properties/>
  <testcase name="run()" classname="org.autotest.StackTests3" time="0.248"/>
  <system-out><![CDATA[-> Corriendo tests de StackTests3 para la clase: StackAr (Stack original)
-> Corriendo tests de StackTests3 para la clase: StackArMutated9391 (OneConstantMutator: Se reemplazó 10 por 1 en la línea 7.)
   [X] Falló el test testPopReturnValue en la línea 90
-> Corriendo tests de StackTests3 para la clase: StackArMutated9471 (FalseConditionalsMutator: Se reemplazó isFull() por false en la línea 37.)
   [X] Falló el test testPushOnFull en la línea 79
-> Corriendo tests de StackTests3 para la clase: StackArMutated909 (FalseReturnsMutator: Se reemplazó true por false en la línea 73.)
-> Corriendo tests de StackTests3 para la clase: StackArMutated906 (NegateConditionsMutator: Se reemplazó < por >= en la línea 18.)
   [X] Falló el test testSizeIncreasesByOne en la línea 16
-> Corriendo tests de StackTests3 para la clase: StackArMutated9397 (TrueConditionalsMutator: Se reemplazó obj == null por true en la línea 74.)
   [X] Falló el test testEquals en la línea 133
-> Corriendo tests de StackTests3 para la clase: StackArMutated1949 (TrueReturnsMutator: Se reemplazó false por true en la línea 75.)
   [X] Falló el test testEqualsNull en la línea 117
-> Corriendo tests de StackTests3 para la clase: StackArMutated5827 (TrueConditionalsMutator: Se reemplazó readIndex != other.readIndex por true en la línea 81.)
   [X] Falló el test testEquals en la línea 133
-> Corriendo tests de StackTests3 para la clase: StackArMutated1304 (ZeroConstantMutator: Se reemplazó 0 por 0 en la línea 91.)
-> Corriendo tests de StackTests3 para la clase: StackArMutated193 (TrueConditionalsMutator: Se reemplazó isEmpty() por true en la línea 54.)
   [X] Falló el test testIsFullMethod en la línea 51
-> Corriendo tests de StackTests3 para la clase: StackArMutated4816 (OneConstantMutator: Se reemplazó 1 por 1 en la línea 64.)
-> Corriendo tests de StackTests3 para la clase: StackArMutated7803 (TrueReturnsMutator: Se reemplazó false por true en la línea 80.)
   [X] Falló el test testNotEqualsSameTop en la línea 144
-> Corriendo tests de StackTests3 para la clase: StackArMutated7845 (FalseReturnsMutator: Se reemplazó size() == 0 por false en la línea 29.)
   [X] Falló el test testDefaultConstructor en la línea 24
-> Corriendo tests de StackTests3 para la clase: StackArMutated8219 (MathMutator: Se reemplazó + por - en la línea 65.)
-> Corriendo tests de StackTests3 para la clase: StackArMutated1820 (MathMutator: Se reemplazó + por - en la línea 66.)
-> Corriendo tests de StackTests3 para la clase: StackArMutated4217 (ZeroConstantMutator: Se reemplazó 0 por 0 en la línea 90.)
-> Corriendo tests de StackTests3 para la clase: StackArMutated3299 (MinusOneConstantMutator: Se reemplazó 0 por -1 en la línea 90.)
   [X] Falló el test testToStringMethod en la línea 57
-> Corriendo tests de StackTests3 para la clase: StackArMutated7139 (FalseConditionalsMutator: Se reemplazó getClass() != obj.getClass() por false en la línea 76.)
   [X] Falló el test testEqualsClass en la línea 123
-> Corriendo tests de StackTests3 para la clase: StackArMutated7653 (MinusOneConstantMutator: Se reemplazó 1 por -1 en la línea 25.)
   [X] Falló el test testSizeIncreasesByOne en la línea 17
-> Corriendo tests de StackTests3 para la clase: StackArMutated7697 (NegateConditionsMutator: Se reemplazó != por == en la línea 76.)
   [X] Falló el test testEqualsClass en la línea 123
-> Corriendo tests de StackTests3 para la clase: StackArMutated6563 (NegateConditionsMutator: Se reemplazó == por != en la línea 74.)
   [X] Falló el test testEqualsNull en la línea 117
-> Corriendo tests de StackTests3 para la clase: StackArMutated5431 (OneConstantMutator: Se reemplazó 1 por 1 en la línea 25.)
-> Corriendo tests de StackTests3 para la clase: StackArMutated4383 (TrueReturnsMutator: Se reemplazó false por true en la línea 82.)
-> Corriendo tests de StackTests3 para la clase: StackArMutated5035 (OneConstantMutator: Se reemplazó 0 por 1 en la línea 18.)
-> Corriendo tests de StackTests3 para la clase: StackArMutated3132 (TrueReturnsMutator: Se reemplazó size() == elems.length por true en la línea 33.)
   [X] Falló el test testSizeIncreasesByOne en la línea 18
-> Corriendo tests de StackTests3 para la clase: StackArMutated8861 (FalseReturnsMutator: Se reemplazó true por false en la línea 83.)
   [X] Falló el test testEquals en la línea 133
-> Corriendo tests de StackTests3 para la clase: StackArMutated3373 (FalseConditionalsMutator: Se reemplazó !java.util.Arrays.equals(elems, other.elems) por false en la línea 79.)
   [X] Falló el test testNotEqualsSameLength en la línea 154
-> Corriendo tests de StackTests3 para la clase: StackArMutated7572 (NegateConditionsMutator: Se reemplazó <= por > en la línea 90.)
   [X] Falló el test testToStringMethod en la línea 57
-> Corriendo tests de StackTests3 para la clase: StackArMutated7296 (EmptyReturnsMutator: Se reemplazó readIndex + 1 por 0 en la línea 25.)
   [X] Falló el test testSizeIncreasesByOne en la línea 19
-> Corriendo tests de StackTests3 para la clase: StackArMutated4708 (ZeroConstantMutator: Se reemplazó 1 por 0 en la línea 11.)
   [X] Falló el test testSizeIncreasesByOne en la línea 17
-> Corriendo tests de StackTests3 para la clase: StackArMutated9641 (NegateConditionsMutator: Se reemplazó == por != en la línea 33.)
   [X] Falló el test testSizeIncreasesByOne en la línea 18
-> Corriendo tests de StackTests3 para la clase: StackArMutated4904 (ZeroConstantMutator: Se reemplazó 10 por 0 en la línea 7.)
   [X] Falló el test testSizeIncreasesByOne en la línea 18
-> Corriendo tests de StackTests3 para la clase: StackArMutated9644 (MinusOneConstantMutator: Se reemplazó 0 por -1 en la línea 18.)
   [X] Falló el test testConstructorWithNegativeCapacity en la línea 32
-> Corriendo tests de StackTests3 para la clase: StackArMutated5315 (OneConstantMutator: Se reemplazó 1 por 1 en la línea 11.)
-> Corriendo tests de StackTests3 para la clase: StackArMutated6801 (FalseConditionalsMutator: Se reemplazó capacity < 0 por false en la línea 18.)
   [X] Falló el test testConstructorWithNegativeCapacity en la línea 32
-> Corriendo tests de StackTests3 para la clase: StackArMutated6328 (IncrementsMutator: Se reemplazó -- por ++ en la línea 49.)
   [X] Falló el test testSizeDecreasesByOne en la línea 73
-> Corriendo tests de StackTests3 para la clase: StackArMutated7426 (OneConstantMutator: Se reemplazó 31 por 1 en la línea 63.)
-> Corriendo tests de StackTests3 para la clase: StackArMutated8437 (TrueReturnsMutator: Se reemplazó size() == 0 por true en la línea 29.)
   [X] Falló el test testIsFullMethod en la línea 51
-> Corriendo tests de StackTests3 para la clase: StackArMutated6414 (FalseReturnsMutator: Se reemplazó size() == elems.length por false en la línea 33.)
   [X] Falló el test testIsFullMethod en la línea 50
-> Corriendo tests de StackTests3 para la clase: StackArMutated2496 (ConditionalsBoundaryMutator: Se reemplazó > por >= en la línea 91.)
   [X] Falló el test testToStringMethod en la línea 59
-> Corriendo tests de StackTests3 para la clase: StackArMutated7029 (NegateConditionsMutator: Se reemplazó > por <= en la línea 91.)
   [X] Falló el test testToStringMethod en la línea 59
-> Corriendo tests de StackTests3 para la clase: StackArMutated1562 (MinusOneConstantMutator: Se reemplazó 0 por -1 en la línea 91.)
   [X] Falló el test testToStringMethod en la línea 59
-> Corriendo tests de StackTests3 para la clase: StackArMutated542 (NegateConditionsMutator: Se reemplazó == por != en la línea 72.)
   [X] Falló el test testEqualsNull en la línea 117
-> Corriendo tests de StackTests3 para la clase: StackArMutated8953 (EmptyReturnsMutator: Se reemplazó b.toString() por "" en la línea 99.)
   [X] Falló el test testToStringMethod en la línea 57
-> Corriendo tests de StackTests3 para la clase: StackArMutated7588 (MinusOneConstantMutator: Se reemplazó 0 por -1 en la línea 29.)
   [X] Falló el test testDefaultConstructor en la línea 24
-> Corriendo tests de StackTests3 para la clase: StackArMutated1083 (FalseConditionalsMutator: Se reemplazó readIndex != other.readIndex por false en la línea 81.)
-> Corriendo tests de StackTests3 para la clase: StackArMutated7664 (ZeroConstantMutator: Se reemplazó 31 por 0 en la línea 63.)
   [X] Falló el test testHashCodeOnEmpty en la línea 111
-> Corriendo tests de StackTests3 para la clase: StackArMutated5087 (ZeroConstantMutator: Se reemplazó 0 por 0 en la línea 18.)
-> Corriendo tests de StackTests3 para la clase: StackArMutated5728 (ZeroConstantMutator: Se reemplazó 1 por 0 en la línea 64.)
-> Corriendo tests de StackTests3 para la clase: StackArMutated9258 (TrueConditionalsMutator: Se reemplazó isEmpty() por true en la línea 45.)
   [X] Falló el test testIsFullMethod en la línea 51
-> Corriendo tests de StackTests3 para la clase: StackArMutated2378 (EmptyReturnsMutator: Se reemplazó result por 0 en la línea 67.)
   [X] Falló el test testHashCodeOnEmpty en la línea 109
-> Corriendo tests de StackTests3 para la clase: StackArMutated5801 (NullReturnsMutator: Se reemplazó rv por null en la línea 58.)
   [X] Falló el test testPopReturnValue en la línea 91
-> Corriendo tests de StackTests3 para la clase: StackArMutated5846 (FalseConditionalsMutator: Se reemplazó isEmpty() por false en la línea 54.)
   [X] Falló el test testTopOnEmpty en la línea 96
-> Corriendo tests de StackTests3 para la clase: StackArMutated6658 (MathMutator: Se reemplazó * por / en la línea 65.)
-> Corriendo tests de StackTests3 para la clase: StackArMutated8956 (TrueConditionalsMutator: Se reemplazó i > 0 por true en la línea 91.)
   [X] Falló el test testToStringMethod en la línea 59
-> Corriendo tests de StackTests3 para la clase: StackArMutated8768 (FalseConditionalsMutator: Se reemplazó isEmpty() por false en la línea 45.)
-> Corriendo tests de StackTests3 para la clase: StackArMutated6744 (ConditionalsBoundaryMutator: Se reemplazó < por <= en la línea 18.)
-> Corriendo tests de StackTests3 para la clase: StackArMutated1133 (NegateConditionsMutator: Se reemplazó != por == en la línea 81.)
   [X] Falló el test testEquals en la línea 133
-> Corriendo tests de StackTests3 para la clase: StackArMutated893 (TrueReturnsMutator: Se reemplazó false por true en la línea 77.)
   [X] Falló el test testEqualsClass en la línea 123
-> Corriendo tests de StackTests3 para la clase: StackArMutated6421 (TrueConditionalsMutator: Se reemplazó capacity < 0 por true en la línea 18.)
   [X] Falló el test testSizeIncreasesByOne en la línea 16
-> Corriendo tests de StackTests3 para la clase: StackArMutated8364 (MinusOneConstantMutator: Se reemplazó 31 por -1 en la línea 63.)
-> Corriendo tests de StackTests3 para la clase: StackArMutated8044 (MathMutator: Se reemplazó + por - en la línea 25.)
   [X] Falló el test testSizeIncreasesByOne en la línea 17
-> Corriendo tests de StackTests3 para la clase: StackArMutated86 (FalseConditionalsMutator: Se reemplazó obj == null por false en la línea 74.)
   [X] Falló el test testEqualsNull en la línea 117
-> Corriendo tests de StackTests3 para la clase: StackArMutated9265 (FalseConditionalsMutator: Se reemplazó i > 0 por false en la línea 91.)
   [X] Falló el test testToStringMethod en la línea 61
-> Corriendo tests de StackTests3 para la clase: StackArMutated2509 (OneConstantMutator: Se reemplazó 0 por 1 en la línea 90.)
   [X] Falló el test testToStringMethod en la línea 59
-> Corriendo tests de StackTests3 para la clase: StackArMutated9861 (NullReturnsMutator: Se reemplazó b.toString() por null en la línea 99.)
   [X] Falló el test testToStringMethod en la línea 57
-> Corriendo tests de StackTests3 para la clase: StackArMutated2745 (ZeroConstantMutator: Se reemplazó 0 por 0 en la línea 29.)
-> Corriendo tests de StackTests3 para la clase: StackArMutated3834 (FalseConditionalsMutator: Se reemplazó this == obj por false en la línea 72.)
-> Corriendo tests de StackTests3 para la clase: StackArMutated9821 (MinusOneConstantMutator: Se reemplazó 1 por -1 en la línea 64.)
-> Corriendo tests de StackTests3 para la clase: StackArMutated9865 (TrueConditionalsMutator: Se reemplazó getClass() != obj.getClass() por true en la línea 76.)
   [X] Falló el test testEquals en la línea 133
-> Corriendo tests de StackTests3 para la clase: StackArMutated7957 (TrueConditionalsMutator: Se reemplazó this == obj por true en la línea 72.)
   [X] Falló el test testEqualsNull en la línea 117
-> Corriendo tests de StackTests3 para la clase: StackArMutated5018 (OneConstantMutator: Se reemplazó 0 por 1 en la línea 91.)
   [X] Falló el test testToStringMethod en la línea 61
-> Corriendo tests de StackTests3 para la clase: StackArMutated8769 (NullReturnsMutator: Se reemplazó rv por null en la línea 50.)
   [X] Falló el test testPopReturnValue en la línea 91
-> Corriendo tests de StackTests3 para la clase: StackArMutated3882 (MathMutator: Se reemplazó * por / en la línea 66.)
   [X] Falló el test testHashCodeOnEmpty en la línea 111
-> Corriendo tests de StackTests3 para la clase: StackArMutated9737 (TrueConditionalsMutator: Se reemplazó isFull() por true en la línea 37.)
   [X] Falló el test testSizeIncreasesByOne en la línea 18
-> Corriendo tests de StackTests3 para la clase: StackArMutated7203 (TrueConditionalsMutator: Se reemplazó !java.util.Arrays.equals(elems, other.elems) por true en la línea 79.)
   [X] Falló el test testEquals en la línea 133
-> Corriendo tests de StackTests3 para la clase: StackArMutated7841 (NegateConditionsMutator: Se reemplazó == por != en la línea 29.)
   [X] Falló el test testDefaultConstructor en la línea 24
-> Corriendo tests de StackTests3 para la clase: StackArMutated3641 (MinusOneConstantMutator: Se reemplazó 10 por -1 en la línea 7.)
   [X] Falló el test testSizeIncreasesByOne en la línea 16
-> Corriendo tests de StackTests3 para la clase: StackArMutated5463 (ZeroConstantMutator: Se reemplazó 1 por 0 en la línea 25.)
   [X] Falló el test testSizeIncreasesByOne en la línea 17
-> Corriendo tests de StackTests3 para la clase: StackArMutated1063 (ConditionalsBoundaryMutator: Se reemplazó <= por < en la línea 90.)
   [X] Falló el test testToStringMethod en la línea 59
-> Corriendo tests de StackTests3 para la clase: StackArMutated5220 (IncrementsMutator: Se reemplazó ++ por -- en la línea 40.)
   [X] Falló el test testSizeIncreasesByOne en la línea 18
-> Corriendo tests de StackTests3 para la clase: StackArMutated8012 (IncrementsMutator: Se reemplazó ++ por -- en la línea 90.)
   [X] Falló el test testToStringMethod en la línea 59
-> Mutantes generados: 81
-> Mutantes eliminados: 60
    - StackArMutated7957 (TrueConditionalsMutator: Se reemplazó this == obj por true en la línea 72.)
    - StackArMutated8769 (NullReturnsMutator: Se reemplazó rv por null en la línea 50.)
    - StackArMutated9737 (TrueConditionalsMutator: Se reemplazó isFull() por true en la línea 37.)
    - StackArMutated5018 (OneConstantMutator: Se reemplazó 0 por 1 en la línea 91.)
    - StackArMutated9258 (TrueConditionalsMutator: Se reemplazó isEmpty() por true en la línea 45.)
    - StackArMutated1133 (NegateConditionsMutator: Se reemplazó != por == en la línea 81.)
    - StackArMutated6421 (TrueConditionalsMutator: Se reemplazó capacity < 0 por true en la línea 18.)
    - StackArMutated8012 (IncrementsMutator: Se reemplazó ++ por -- en la línea 90.)
    - StackArMutated9861 (NullReturnsMutator: Se reemplazó b.toString() por null en la línea 99.)
    - StackArMutated9265 (FalseConditionalsMutator: Se reemplazó i > 0 por false en la línea 91.)
    - StackArMutated193 (TrueConditionalsMutator: Se reemplazó isEmpty() por true en la línea 54.)
    - StackArMutated2509 (OneConstantMutator: Se reemplazó 0 por 1 en la línea 90.)
    - StackArMutated5801 (NullReturnsMutator: Se reemplazó rv por null en la línea 58.)
    - StackArMutated5846 (FalseConditionalsMutator: Se reemplazó isEmpty() por false en la línea 54.)
    - StackArMutated7029 (NegateConditionsMutator: Se reemplazó > por <= en la línea 91.)
    - StackArMutated8956 (TrueConditionalsMutator: Se reemplazó i > 0 por true en la línea 91.)
    - StackArMutated8953 (EmptyReturnsMutator: Se reemplazó b.toString() por "" en la línea 99.)
    - StackArMutated8437 (TrueReturnsMutator: Se reemplazó size() == 0 por true en la línea 29.)
    - StackArMutated6414 (FalseReturnsMutator: Se reemplazó size() == elems.length por false en la línea 33.)
    - StackArMutated9644 (MinusOneConstantMutator: Se reemplazó 0 por -1 en la línea 18.)
    - StackArMutated2378 (EmptyReturnsMutator: Se reemplazó result por 0 en la línea 67.)
    - StackArMutated7588 (MinusOneConstantMutator: Se reemplazó 0 por -1 en la línea 29.)
    - StackArMutated2496 (ConditionalsBoundaryMutator: Se reemplazó > por >= en la línea 91.)
    - StackArMutated1562 (MinusOneConstantMutator: Se reemplazó 0 por -1 en la línea 91.)
    - StackArMutated7664 (ZeroConstantMutator: Se reemplazó 31 por 0 en la línea 63.)
    - StackArMutated8044 (MathMutator: Se reemplazó + por - en la línea 25.)
    - StackArMutated4904 (ZeroConstantMutator: Se reemplazó 10 por 0 en la línea 7.)
    - StackArMutated6801 (FalseConditionalsMutator: Se reemplazó capacity < 0 por false en la línea 18.)
    - StackArMutated6328 (IncrementsMutator: Se reemplazó -- por ++ en la línea 49.)
    - StackArMutated7139 (FalseConditionalsMutator: Se reemplazó getClass() != obj.getClass() por false en la línea 76.)
    - StackArMutated3132 (TrueReturnsMutator: Se reemplazó size() == elems.length por true en la línea 33.)
    - StackArMutated3373 (FalseConditionalsMutator: Se reemplazó !java.util.Arrays.equals(elems, other.elems) por false en la línea 79.)
    - StackArMutated6563 (NegateConditionsMutator: Se reemplazó == por != en la línea 74.)
    - StackArMutated8861 (FalseReturnsMutator: Se reemplazó true por false en la línea 83.)
    - StackArMutated3299 (MinusOneConstantMutator: Se reemplazó 0 por -1 en la línea 90.)
    - StackArMutated7653 (MinusOneConstantMutator: Se reemplazó 1 por -1 en la línea 25.)
    - StackArMutated7697 (NegateConditionsMutator: Se reemplazó != por == en la línea 76.)
    - StackArMutated9641 (NegateConditionsMutator: Se reemplazó == por != en la línea 33.)
    - StackArMutated893 (TrueReturnsMutator: Se reemplazó false por true en la línea 77.)
    - StackArMutated4708 (ZeroConstantMutator: Se reemplazó 1 por 0 en la línea 11.)
    - StackArMutated5827 (TrueConditionalsMutator: Se reemplazó readIndex != other.readIndex por true en la línea 81.)
    - StackArMutated7803 (TrueReturnsMutator: Se reemplazó false por true en la línea 80.)
    - StackArMutated906 (NegateConditionsMutator: Se reemplazó < por >= en la línea 18.)
    - StackArMutated7845 (FalseReturnsMutator: Se reemplazó size() == 0 por false en la línea 29.)
    - StackArMutated1063 (ConditionalsBoundaryMutator: Se reemplazó <= por < en la línea 90.)
    - StackArMutated5220 (IncrementsMutator: Se reemplazó ++ por -- en la línea 40.)
    - StackArMutated9865 (TrueConditionalsMutator: Se reemplazó getClass() != obj.getClass() por true en la línea 76.)
    - StackArMutated5463 (ZeroConstantMutator: Se reemplazó 1 por 0 en la línea 25.)
    - StackArMutated7203 (TrueConditionalsMutator: Se reemplazó !java.util.Arrays.equals(elems, other.elems) por true en la línea 79.)
    - StackArMutated7841 (NegateConditionsMutator: Se reemplazó == por != en la línea 29.)
    - StackArMutated3641 (MinusOneConstantMutator: Se reemplazó 10 por -1 en la línea 7.)
    - StackArMutated3882 (MathMutator: Se reemplazó * por / en la línea 66.)
    - StackArMutated7296 (EmptyReturnsMutator: Se reemplazó readIndex + 1 por 0 en la línea 25.)
    - StackArMutated542 (NegateConditionsMutator: Se reemplazó == por != en la línea 72.)
    - StackArMutated9397 (TrueConditionalsMutator: Se reemplazó obj == null por true en la línea 74.)
    - StackArMutated7572 (NegateConditionsMutator: Se reemplazó <= por > en la línea 90.)
    - StackArMutated9471 (FalseConditionalsMutator: Se reemplazó isFull() por false en la línea 37.)
    - StackArMutated86 (FalseConditionalsMutator: Se reemplazó obj == null por false en la línea 74.)
    - StackArMutated9391 (OneConstantMutator: Se reemplazó 10 por 1 en la línea 7.)
    - StackArMutated1949 (TrueReturnsMutator: Se reemplazó false por true en la línea 75.)
-> Mutantes vivos: 21
    - StackArMutated2745 (ZeroConstantMutator: Se reemplazó 0 por 0 en la línea 29.)
    - StackArMutated3834 (FalseConditionalsMutator: Se reemplazó this == obj por false en la línea 72.)
    - StackArMutated8768 (FalseConditionalsMutator: Se reemplazó isEmpty() por false en la línea 45.)
    - StackArMutated6744 (ConditionalsBoundaryMutator: Se reemplazó < por <= en la línea 18.)
    - StackArMutated5728 (ZeroConstantMutator: Se reemplazó 1 por 0 en la línea 64.)
    - StackArMutated6658 (MathMutator: Se reemplazó * por / en la línea 65.)
    - StackArMutated7426 (OneConstantMutator: Se reemplazó 31 por 1 en la línea 63.)
    - StackArMutated8364 (MinusOneConstantMutator: Se reemplazó 31 por -1 en la línea 63.)
    - StackArMutated5315 (OneConstantMutator: Se reemplazó 1 por 1 en la línea 11.)
    - StackArMutated5431 (OneConstantMutator: Se reemplazó 1 por 1 en la línea 25.)
    - StackArMutated5035 (OneConstantMutator: Se reemplazó 0 por 1 en la línea 18.)
    - StackArMutated5087 (ZeroConstantMutator: Se reemplazó 0 por 0 en la línea 18.)
    - StackArMutated1083 (FalseConditionalsMutator: Se reemplazó readIndex != other.readIndex por false en la línea 81.)
    - StackArMutated909 (FalseReturnsMutator: Se reemplazó true por false en la línea 73.)
    - StackArMutated1304 (ZeroConstantMutator: Se reemplazó 0 por 0 en la línea 91.)
    - StackArMutated1820 (MathMutator: Se reemplazó + por - en la línea 66.)
    - StackArMutated4816 (OneConstantMutator: Se reemplazó 1 por 1 en la línea 64.)
    - StackArMutated4217 (ZeroConstantMutator: Se reemplazó 0 por 0 en la línea 90.)
    - StackArMutated8219 (MathMutator: Se reemplazó + por - en la línea 65.)
    - StackArMutated9821 (MinusOneConstantMutator: Se reemplazó 1 por -1 en la línea 64.)
    - StackArMutated4383 (TrueReturnsMutator: Se reemplazó false por true en la línea 82.)
-> Mutation score: 74%
]]></system-out>
  <system-err><![CDATA[[Test worker] INFO org.reflections.Reflections - Reflections took 57 ms to scan 1 urls, producing 1 keys and 81 values
]]></system-err>
</testsuite>
